<?xml version="1.0" encoding="UTF-8"?>
<testng-results skipped="0" failed="0" ignored="0" total="2" passed="2">
  <reporter-output>
  </reporter-output>
  <suite name="testCases.LoginPageTest" duration-ms="28259" started-at="2020-12-13T19:28:40Z" finished-at="2020-12-13T19:29:09Z">
    <groups>
    </groups>
    <test name="Command line test" duration-ms="28259" started-at="2020-12-13T19:28:40Z" finished-at="2020-12-13T19:29:09Z">
      <class name="testCases.LoginPageTest">
        <test-method status="PASS" signature="setUp()[pri:0, instance:testCases.LoginPageTest@1554909b]" name="setUp" is-config="true" duration-ms="7327" started-at="2020-12-13T19:28:41Z" finished-at="2020-12-13T19:28:48Z">
          <reporter-output>
          </reporter-output>
        </test-method> <!-- setUp -->
        <test-method status="PASS" signature="loginTest()[pri:1, instance:testCases.LoginPageTest@1554909b]" name="loginTest" duration-ms="6452" started-at="2020-12-13T19:28:48Z" finished-at="2020-12-13T19:28:54Z">
          <reporter-output>
          </reporter-output>
        </test-method> <!-- loginTest -->
        <test-method status="PASS" signature="tearDown()[pri:0, instance:testCases.LoginPageTest@1554909b]" name="tearDown" is-config="true" duration-ms="1725" started-at="2020-12-13T19:28:54Z" finished-at="2020-12-13T19:28:56Z">
          <reporter-output>
          </reporter-output>
        </test-method> <!-- tearDown -->
        <test-method status="PASS" signature="setUp()[pri:0, instance:testCases.LoginPageTest@1554909b]" name="setUp" is-config="true" duration-ms="6327" started-at="2020-12-13T19:28:56Z" finished-at="2020-12-13T19:29:02Z">
          <reporter-output>
          </reporter-output>
        </test-method> <!-- setUp -->
        <test-method status="PASS" signature="loginpageTitleTest()[pri:2, instance:testCases.LoginPageTest@1554909b]" name="loginpageTitleTest" duration-ms="5669" started-at="2020-12-13T19:29:02Z" finished-at="2020-12-13T19:29:08Z">
          <reporter-output>
          </reporter-output>
        </test-method> <!-- loginpageTitleTest -->
        <test-method status="PASS" signature="tearDown()[pri:0, instance:testCases.LoginPageTest@1554909b]" name="tearDown" is-config="true" duration-ms="728" started-at="2020-12-13T19:29:08Z" finished-at="2020-12-13T19:29:09Z">
          <reporter-output>
          </reporter-output>
        </test-method> <!-- tearDown -->
      </class> <!-- testCases.LoginPageTest -->
    </test> <!-- Command line test -->
  </suite> <!-- testCases.LoginPageTest -->
</testng-results>
