<?xml version="1.0" encoding="UTF-8"?>
<testng-results skipped="0" failed="0" ignored="0" total="2" passed="2">
  <reporter-output>
  </reporter-output>
  <suite name="Default suite" duration-ms="27346" started-at="2020-12-13T20:06:05Z" finished-at="2020-12-13T20:06:32Z">
    <groups>
    </groups>
    <test name="Default test" duration-ms="27346" started-at="2020-12-13T20:06:05Z" finished-at="2020-12-13T20:06:32Z">
      <class name="testCases.LoginPageTest">
        <test-method status="PASS" signature="setUp()[pri:0, instance:testCases.LoginPageTest@2bbf180e]" name="setUp" is-config="true" duration-ms="7071" started-at="2020-12-13T20:06:05Z" finished-at="2020-12-13T20:06:12Z">
          <reporter-output>
          </reporter-output>
        </test-method> <!-- setUp -->
        <test-method status="PASS" signature="loginTest()[pri:1, instance:testCases.LoginPageTest@2bbf180e]" name="loginTest" duration-ms="6681" started-at="2020-12-13T20:06:12Z" finished-at="2020-12-13T20:06:19Z">
          <reporter-output>
          </reporter-output>
        </test-method> <!-- loginTest -->
        <test-method status="PASS" signature="tearDown()[pri:0, instance:testCases.LoginPageTest@2bbf180e]" name="tearDown" is-config="true" duration-ms="732" started-at="2020-12-13T20:06:19Z" finished-at="2020-12-13T20:06:19Z">
          <reporter-output>
          </reporter-output>
        </test-method> <!-- tearDown -->
        <test-method status="PASS" signature="setUp()[pri:0, instance:testCases.LoginPageTest@2bbf180e]" name="setUp" is-config="true" duration-ms="6306" started-at="2020-12-13T20:06:19Z" finished-at="2020-12-13T20:06:26Z">
          <reporter-output>
          </reporter-output>
        </test-method> <!-- setUp -->
        <test-method status="PASS" signature="loginpageTitleTest()[pri:2, instance:testCases.LoginPageTest@2bbf180e]" name="loginpageTitleTest" duration-ms="5811" started-at="2020-12-13T20:06:26Z" finished-at="2020-12-13T20:06:31Z">
          <reporter-output>
          </reporter-output>
        </test-method> <!-- loginpageTitleTest -->
        <test-method status="PASS" signature="tearDown()[pri:0, instance:testCases.LoginPageTest@2bbf180e]" name="tearDown" is-config="true" duration-ms="726" started-at="2020-12-13T20:06:31Z" finished-at="2020-12-13T20:06:32Z">
          <reporter-output>
          </reporter-output>
        </test-method> <!-- tearDown -->
      </class> <!-- testCases.LoginPageTest -->
    </test> <!-- Default test -->
  </suite> <!-- Default suite -->
</testng-results>
